2018-12-07 10:36:15 INFO  StudentTest:32 - Creating address..
2018-12-07 10:36:15 DEBUG StudentTest:35 - Object address created Address(street=Lisboa, number=714, city=Florencio Varela, state=Buenos Aires, country=Argentina, zipCode=1888)
2018-12-07 10:37:23 INFO  StudentTest:32 - Creating address..
2018-12-07 10:37:58 DEBUG StudentTest:35 - Object address created Address(street=Lisboa, number=714, city=Florencio Varela, state=Buenos Aires, country=Argentina, zipCode=1888)
2018-12-07 10:46:31 INFO  StudentTest:32 - Creating address..
2018-12-07 10:46:31 DEBUG StudentTest:35 - Object address created Address(street=Lisboa, number=714, city=Florencio Varela, state=Buenos Aires, country=Argentina, zipCode=1888)
2018-12-07 10:48:20 INFO  StudentTest:32 - Creating address..
2018-12-07 10:48:20 DEBUG StudentTest:35 - Object address created Address(street=Lisboa, number=714, city=Florencio Varela, state=Buenos Aires, country=Argentina, zipCode=1888)
2018-12-07 10:56:03 INFO  StudentTest:34 - Creating address..
2018-12-07 10:56:03 DEBUG StudentTest:37 - Object address created Address(street=Lisboa, number=714, city=Florencio Varela, state=Buenos Aires, country=Argentina, zipCode=1888)
2018-12-07 10:56:03 INFO  StudentTest:39 - Creating subjects..
2018-12-07 10:56:03 DEBUG StudentTest:44 - Object subject created [Subject(name=Lengua, description=Lengua, level=Secundario), Subject(name=Matematicas, description=Matematicas, level=Secundario)]
2018-12-07 10:56:45 INFO  StudentTest:34 - Creating address..
2018-12-07 10:56:45 DEBUG StudentTest:37 - Object address created Address(street=Lisboa, number=714, city=Florencio Varela, state=Buenos Aires, country=Argentina, zipCode=1888)
2018-12-07 10:56:45 INFO  StudentTest:39 - Creating subjects..
2018-12-07 10:56:45 DEBUG StudentTest:44 - Object subject created [Subject(name=Lengua, description=Lengua, level=Secundario), Subject(name=Matematicas, description=Matematicas, level=Secundario)]
2018-12-07 10:56:45 INFO  StudentTest:56 - Getting user...
2018-12-07 11:07:00 INFO  StudentTest:32 - Creating address..
2018-12-07 11:07:00 DEBUG StudentTest:35 - Object created Address(street=Lisboa, number=714, city=Florencio Varela, state=Buenos Aires, country=Argentina, zipCode=1888)
2018-12-07 11:07:00 INFO  StudentTest:37 - Creating subjects..
2018-12-07 11:07:00 DEBUG StudentTest:42 - Object created [Subject(name=Lengua, description=Lengua, level=Secundario), Subject(name=Matematicas, description=Matematicas, level=Secundario)]
2018-12-07 11:07:00 INFO  StudentTest:44 - Creating user..
2018-12-07 11:07:00 DEBUG StudentTest:49 - Object created Student(name=Leandro, lastName=Leguiza, email=leanleguiza@gmail.com, dni=40731455, telephone=43675432, cellphone=1187873402, address=Address(street=Lisboa, number=714, city=Florencio Varela, state=Buenos Aires, country=Argentina, zipCode=1888), academicLevel=Primario, dictationSubjects=[Subject(name=Lengua, description=Lengua, level=Secundario), Subject(name=Matematicas, description=Matematicas, level=Secundario)], enabled=true)
2018-12-07 11:07:00 DEBUG StudentTest:51 - Saving user...
2018-12-07 11:07:00 DEBUG StudentTest:53 - Saved Student(name=Leandro, lastName=Leguiza, email=leanleguiza@gmail.com, dni=40731455, telephone=43675432, cellphone=1187873402, address=Address(street=Lisboa, number=714, city=Florencio Varela, state=Buenos Aires, country=Argentina, zipCode=1888), academicLevel=Primario, dictationSubjects=[Subject(name=Lengua, description=Lengua, level=Secundario), Subject(name=Matematicas, description=Matematicas, level=Secundario)], enabled=true)
2018-12-07 11:07:00 INFO  StudentTest:59 - Getting user...
2018-12-07 11:08:20 INFO  StudentTest:32 - Creating address..
2018-12-07 11:08:20 DEBUG StudentTest:35 - Object created Address(street=Lisboa, number=714, city=Florencio Varela, state=Buenos Aires, country=Argentina, zipCode=1888)
2018-12-07 11:08:20 INFO  StudentTest:37 - Creating subjects..
2018-12-07 11:08:20 DEBUG StudentTest:42 - Object created [Subject(name=Lengua, description=Lengua, level=Secundario), Subject(name=Matematicas, description=Matematicas, level=Secundario)]
2018-12-07 11:08:20 INFO  StudentTest:44 - Creating user..
2018-12-07 11:08:20 DEBUG StudentTest:49 - Object created Student(name=Leandro, lastName=Leguiza, email=leanleguiza@gmail.com, dni=40731455, telephone=43675432, cellphone=1187873402, address=Address(street=Lisboa, number=714, city=Florencio Varela, state=Buenos Aires, country=Argentina, zipCode=1888), academicLevel=Primario, dictationSubjects=[Subject(name=Lengua, description=Lengua, level=Secundario), Subject(name=Matematicas, description=Matematicas, level=Secundario)], enabled=true)
2018-12-07 11:08:20 DEBUG StudentTest:51 - Saving user...
2018-12-07 11:08:20 DEBUG StudentTest:53 - Saved Student(name=Leandro, lastName=Leguiza, email=leanleguiza@gmail.com, dni=40731455, telephone=43675432, cellphone=1187873402, address=Address(street=Lisboa, number=714, city=Florencio Varela, state=Buenos Aires, country=Argentina, zipCode=1888), academicLevel=Primario, dictationSubjects=[Subject(name=Lengua, description=Lengua, level=Secundario), Subject(name=Matematicas, description=Matematicas, level=Secundario)], enabled=true)
2018-12-07 11:08:20 INFO  StudentTest:59 - Getting user...
2018-12-07 11:58:56 INFO  StudentTest:32 - Creating address..
2018-12-07 11:58:56 DEBUG StudentTest:35 - Object created Address(street=Lisboa, number=714, city=Florencio Varela, state=Buenos Aires, country=Argentina, zipCode=1888)
2018-12-07 11:58:56 INFO  StudentTest:37 - Creating subjects..
2018-12-07 11:58:56 DEBUG StudentTest:42 - Object created [Subject(name=Lengua, description=Lengua, level=Secundario), Subject(name=Matematicas, description=Matematicas, level=Secundario)]
2018-12-07 11:58:56 INFO  StudentTest:44 - Creating user..
2018-12-07 11:58:56 DEBUG StudentTest:49 - Object created Student(name=Leandro, lastName=Leguiza, email=leanleguiza@gmail.com, dni=40731455, telephone=43675432, cellphone=1187873402, address=Address(street=Lisboa, number=714, city=Florencio Varela, state=Buenos Aires, country=Argentina, zipCode=1888), academicLevel=Primario, dictationSubjects=[Subject(name=Lengua, description=Lengua, level=Secundario), Subject(name=Matematicas, description=Matematicas, level=Secundario)], enabled=true)
2018-12-07 11:58:56 DEBUG StudentTest:51 - Saving user...
2018-12-07 12:00:38 INFO  StudentTest:32 - Creating address..
2018-12-07 12:00:38 DEBUG StudentTest:35 - Object created Address(street=Lisboa, number=714, city=Florencio Varela, state=Buenos Aires, country=Argentina, zipCode=1888)
2018-12-07 12:00:38 INFO  StudentTest:37 - Creating subjects..
2018-12-07 12:00:38 DEBUG StudentTest:42 - Object created [Subject(name=Lengua, description=Lengua, level=Secundario), Subject(name=Matematicas, description=Matematicas, level=Secundario)]
2018-12-07 12:00:38 INFO  StudentTest:44 - Creating user..
2018-12-07 12:00:38 DEBUG StudentTest:49 - Object created Student(name=Leandro, lastName=Leguiza, email=leanleguiza@gmail.com, dni=40731455, telephone=43675432, cellphone=1187873402, address=Address(street=Lisboa, number=714, city=Florencio Varela, state=Buenos Aires, country=Argentina, zipCode=1888), academicLevel=Primario, dictationSubjects=[Subject(name=Lengua, description=Lengua, level=Secundario), Subject(name=Matematicas, description=Matematicas, level=Secundario)], enabled=true)
2018-12-07 12:00:38 DEBUG StudentTest:51 - Saving user...
2018-12-07 12:00:38 INFO  StudentService:27 - Checking user existing...
2018-12-07 12:00:38 DEBUG StudentTest:53 - Saved Student(name=Leandro, lastName=Leguiza, email=leanleguiza@gmail.com, dni=40731455, telephone=43675432, cellphone=1187873402, address=Address(street=Lisboa, number=714, city=Florencio Varela, state=Buenos Aires, country=Argentina, zipCode=1888), academicLevel=Primario, dictationSubjects=[Subject(name=Lengua, description=Lengua, level=Secundario), Subject(name=Matematicas, description=Matematicas, level=Secundario)], enabled=true)
2018-12-07 12:00:38 INFO  StudentTest:59 - Getting user...
2018-12-07 12:12:51 INFO  StudentTest:32 - Creating address..
2018-12-07 12:12:51 DEBUG StudentTest:35 - Object created Address(street=Lisboa, number=714, city=Florencio Varela, state=Buenos Aires, country=Argentina, zipCode=1888)
2018-12-07 12:12:51 INFO  StudentTest:37 - Creating subjects..
2018-12-07 12:12:51 DEBUG StudentTest:42 - Object created [Subject(name=Lengua, description=Lengua, level=Secundario), Subject(name=Matematicas, description=Matematicas, level=Secundario)]
2018-12-07 12:12:51 INFO  StudentTest:44 - Creating user..
2018-12-07 12:12:51 DEBUG StudentTest:49 - Object created Student(name=Leandro, lastName=Leguiza, email=leanleguiza@gmail.com, dni=40731455, telephone=43675432, cellphone=1187873402, address=Address(street=Lisboa, number=714, city=Florencio Varela, state=Buenos Aires, country=Argentina, zipCode=1888), academicLevel=Primario, dictationSubjects=[Subject(name=Lengua, description=Lengua, level=Secundario), Subject(name=Matematicas, description=Matematicas, level=Secundario)], enabled=true)
2018-12-07 12:12:51 DEBUG StudentTest:51 - Saving user...
2018-12-07 12:12:51 INFO  StudentService:27 - Checking user existing...
2018-12-07 12:12:51 ERROR StudentService:31 - This user exist..
2018-12-07 12:12:51 DEBUG StudentTest:53 - Saved Student(name=Leandro, lastName=Leguiza, email=leanleguiza@gmail.com, dni=40731455, telephone=43675432, cellphone=1187873402, address=Address(street=Lisboa, number=714, city=Florencio Varela, state=Buenos Aires, country=Argentina, zipCode=1888), academicLevel=Primario, dictationSubjects=[Subject(name=Lengua, description=Lengua, level=Secundario), Subject(name=Matematicas, description=Matematicas, level=Secundario)], enabled=true)
2018-12-07 12:12:51 INFO  StudentTest:59 - Getting user...
2018-12-07 12:14:14 INFO  StudentTest:32 - Creating address..
2018-12-07 12:14:14 DEBUG StudentTest:35 - Object created Address(street=Lisboa, number=714, city=Florencio Varela, state=Buenos Aires, country=Argentina, zipCode=1888)
2018-12-07 12:14:14 INFO  StudentTest:37 - Creating subjects..
2018-12-07 12:14:14 DEBUG StudentTest:42 - Object created [Subject(name=Lengua, description=Lengua, level=Secundario), Subject(name=Matematicas, description=Matematicas, level=Secundario)]
2018-12-07 12:14:14 INFO  StudentTest:44 - Creating user..
2018-12-07 12:14:14 DEBUG StudentTest:49 - Object created Student(name=Leandro, lastName=Leguiza, email=leanleguiza@gmail.com, dni=40731455, telephone=43675432, cellphone=1187873402, address=Address(street=Lisboa, number=714, city=Florencio Varela, state=Buenos Aires, country=Argentina, zipCode=1888), academicLevel=Primario, dictationSubjects=[Subject(name=Lengua, description=Lengua, level=Secundario), Subject(name=Matematicas, description=Matematicas, level=Secundario)], enabled=true)
2018-12-07 12:14:14 DEBUG StudentTest:51 - Saving user...
2018-12-07 12:14:14 INFO  StudentService:27 - Checking user existing...
2018-12-07 12:14:14 ERROR StudentService:31 - This user exist, Student(name=Leandro, lastName=Leguiza, email=leanleguiza@gmail.com, dni=40731455, telephone=43675432, cellphone=1187873402, address=Address(street=Lisboa, number=714, city=Florencio Varela, state=Buenos Aires, country=Argentina, zipCode=1888), academicLevel=Primario, dictationSubjects=[Subject(name=Lengua, description=Lengua, level=Secundario), Subject(name=Matematicas, description=Matematicas, level=Secundario)], enabled=true)
2018-12-07 12:14:14 DEBUG StudentTest:53 - Saved Student(name=Leandro, lastName=Leguiza, email=leanleguiza@gmail.com, dni=40731455, telephone=43675432, cellphone=1187873402, address=Address(street=Lisboa, number=714, city=Florencio Varela, state=Buenos Aires, country=Argentina, zipCode=1888), academicLevel=Primario, dictationSubjects=[Subject(name=Lengua, description=Lengua, level=Secundario), Subject(name=Matematicas, description=Matematicas, level=Secundario)], enabled=true)
2018-12-07 12:14:14 INFO  StudentTest:59 - Getting user...
2018-12-07 12:15:06 INFO  StudentTest:32 - Creating address..
2018-12-07 12:15:06 DEBUG StudentTest:35 - Object created Address(street=Lisboa, number=714, city=Florencio Varela, state=Buenos Aires, country=Argentina, zipCode=1888)
2018-12-07 12:15:06 INFO  StudentTest:37 - Creating subjects..
2018-12-07 12:15:06 DEBUG StudentTest:42 - Object created [Subject(name=Lengua, description=Lengua, level=Secundario), Subject(name=Matematicas, description=Matematicas, level=Secundario)]
2018-12-07 12:15:06 INFO  StudentTest:44 - Creating user..
2018-12-07 12:15:06 DEBUG StudentTest:49 - Object created Student(name=Leandro, lastName=Leguiza, email=leanleguiza@gmail.com, dni=40731455, telephone=43675432, cellphone=1187873402, address=Address(street=Lisboa, number=714, city=Florencio Varela, state=Buenos Aires, country=Argentina, zipCode=1888), academicLevel=Primario, dictationSubjects=[Subject(name=Lengua, description=Lengua, level=Secundario), Subject(name=Matematicas, description=Matematicas, level=Secundario)], enabled=true)
2018-12-07 12:15:06 DEBUG StudentTest:51 - Saving user...
2018-12-07 12:15:06 INFO  StudentService:27 - Checking user existing...
2018-12-07 12:15:06 ERROR StudentService:31 - Existing object, Student(name=Leandro, lastName=Leguiza, email=leanleguiza@gmail.com, dni=40731455, telephone=43675432, cellphone=1187873402, address=Address(street=Lisboa, number=714, city=Florencio Varela, state=Buenos Aires, country=Argentina, zipCode=1888), academicLevel=Primario, dictationSubjects=[Subject(name=Lengua, description=Lengua, level=Secundario), Subject(name=Matematicas, description=Matematicas, level=Secundario)], enabled=true)
2018-12-07 12:15:06 DEBUG StudentTest:53 - Saved Student(name=Leandro, lastName=Leguiza, email=leanleguiza@gmail.com, dni=40731455, telephone=43675432, cellphone=1187873402, address=Address(street=Lisboa, number=714, city=Florencio Varela, state=Buenos Aires, country=Argentina, zipCode=1888), academicLevel=Primario, dictationSubjects=[Subject(name=Lengua, description=Lengua, level=Secundario), Subject(name=Matematicas, description=Matematicas, level=Secundario)], enabled=true)
2018-12-07 12:15:06 INFO  StudentTest:59 - Getting user...
2018-12-07 12:30:51 INFO  StudentTest:32 - Creating address..
2018-12-07 12:30:51 DEBUG StudentTest:35 - Object created Address(street=Lisboa, number=714, city=Florencio Varela, state=Buenos Aires, country=Argentina, zipCode=1888)
2018-12-07 12:30:51 INFO  StudentTest:37 - Creating subjects..
2018-12-07 12:30:51 DEBUG StudentTest:42 - Object created [Subject(name=Lengua, description=Lengua, level=Secundario), Subject(name=Matematicas, description=Matematicas, level=Secundario)]
2018-12-07 12:30:51 INFO  StudentTest:44 - Creating user..
2018-12-07 12:30:51 DEBUG StudentTest:49 - Object created Student(name=Leandro, lastName=Leguiza, email=leanleguiza@gmail.com, dni=40731455, telephone=43675432, cellphone=1187873402, address=Address(street=Lisboa, number=714, city=Florencio Varela, state=Buenos Aires, country=Argentina, zipCode=1888), academicLevel=Primario, dictationSubjects=[Subject(name=Lengua, description=Lengua, level=Secundario), Subject(name=Matematicas, description=Matematicas, level=Secundario)], enabled=true)
2018-12-07 12:30:51 DEBUG StudentTest:51 - Saving user...
2018-12-07 12:30:51 INFO  StudentService:27 - Checking user existing...
2018-12-07 12:30:51 ERROR StudentService:31 - Existing object, Student(name=Leandro, lastName=Leguiza, email=leanleguiza@gmail.com, dni=40731455, telephone=43675432, cellphone=1187873402, address=Address(street=Lisboa, number=714, city=Florencio Varela, state=Buenos Aires, country=Argentina, zipCode=1888), academicLevel=Primario, dictationSubjects=[Subject(name=Lengua, description=Lengua, level=Secundario), Subject(name=Matematicas, description=Matematicas, level=Secundario)], enabled=true)
2018-12-07 12:30:51 DEBUG StudentTest:53 - Saved Student(name=Leandro, lastName=Leguiza, email=leanleguiza@gmail.com, dni=40731455, telephone=43675432, cellphone=1187873402, address=Address(street=Lisboa, number=714, city=Florencio Varela, state=Buenos Aires, country=Argentina, zipCode=1888), academicLevel=Primario, dictationSubjects=[Subject(name=Lengua, description=Lengua, level=Secundario), Subject(name=Matematicas, description=Matematicas, level=Secundario)], enabled=true)
2018-12-07 12:30:51 INFO  StudentTest:59 - Getting user...
2018-12-07 12:55:46 INFO  StudentTest:33 - Creating address..
2018-12-07 12:55:46 DEBUG StudentTest:36 - Object created Address(street=Lisboa, number=714, city=Florencio Varela, state=Buenos Aires, country=Argentina, zipCode=1888)
2018-12-07 12:55:46 INFO  StudentTest:38 - Creating subjects..
2018-12-07 12:55:46 DEBUG StudentTest:43 - Object created [Subject(name=Lengua, description=Lengua, level=Secundario), Subject(name=Matematicas, description=Matematicas, level=Secundario)]
2018-12-07 12:55:46 INFO  StudentTest:45 - Creating user..
2018-12-07 12:55:46 DEBUG StudentTest:50 - Object created Student(name=Leandro, lastName=Leguiza, email=leanleguiza@gmail.com, dni=40731455, telephone=43675432, cellphone=1187873402, address=Address(street=Lisboa, number=714, city=Florencio Varela, state=Buenos Aires, country=Argentina, zipCode=1888), academicLevel=Primario, dictationSubjects=[Subject(name=Lengua, description=Lengua, level=Secundario), Subject(name=Matematicas, description=Matematicas, level=Secundario)], enabled=true)
2018-12-07 12:55:46 DEBUG StudentTest:54 - Saving user...
2018-12-07 12:55:46 INFO  StudentService:28 - Checking user existing...
2018-12-07 12:55:46 ERROR StudentService:33 - Existing object, Student(name=Leandro, lastName=Leguiza, email=leanleguiza@gmail.com, dni=40731455, telephone=43675432, cellphone=1187873402, address=Address(street=Lisboa, number=714, city=Florencio Varela, state=Buenos Aires, country=Argentina, zipCode=1888), academicLevel=Primario, dictationSubjects=[Subject(name=Lengua, description=Lengua, level=Secundario), Subject(name=Matematicas, description=Matematicas, level=Secundario)], enabled=true)
2018-12-07 12:55:46 INFO  StudentTest:66 - Getting user...
2018-12-07 14:54:06 INFO  StudentTest:33 - Creating address..
2018-12-07 14:54:06 DEBUG StudentTest:36 - Object created Address(street=Lisboa, number=714, city=Florencio Varela, state=Buenos Aires, country=Argentina, zipCode=1888)
2018-12-07 14:54:06 INFO  StudentTest:38 - Creating subjects..
2018-12-07 14:54:06 DEBUG StudentTest:43 - Object created [Subject(name=Lengua, description=Lengua, level=Secundario), Subject(name=Matematicas, description=Matematicas, level=Secundario)]
2018-12-07 14:54:06 INFO  StudentTest:45 - Creating user..
2018-12-07 14:54:06 DEBUG StudentTest:50 - Object created Student(name=Leandro, lastName=Leguiza, email=leanleguiza@gmail.com, dni=40731455, telephone=43675432, cellphone=1187873402, address=Address(street=Lisboa, number=714, city=Florencio Varela, state=Buenos Aires, country=Argentina, zipCode=1888), academicLevel=Primario, dictationSubjects=[Subject(name=Lengua, description=Lengua, level=Secundario), Subject(name=Matematicas, description=Matematicas, level=Secundario)], enabled=true)
2018-12-07 14:54:06 DEBUG StudentTest:54 - Saving user...
2018-12-07 14:54:06 INFO  StudentService:28 - Checking user existing...
2018-12-07 14:54:06 ERROR StudentService:33 - Existing object, Student(name=Leandro, lastName=Leguiza, email=leanleguiza@gmail.com, dni=40731455, telephone=43675432, cellphone=1187873402, address=Address(street=Lisboa, number=714, city=Florencio Varela, state=Buenos Aires, country=Argentina, zipCode=1888), academicLevel=Primario, dictationSubjects=[Subject(name=Lengua, description=Lengua, level=Secundario), Subject(name=Matematicas, description=Matematicas, level=Secundario)], enabled=true)
2018-12-07 14:54:06 INFO  StudentTest:66 - Getting user...
2018-12-07 15:40:51 INFO  StudentTest:34 - Creating address..
2018-12-07 15:40:51 DEBUG StudentTest:37 - Object created Address(street=Lisboa, number=714, city=Florencio Varela, state=Buenos Aires, country=Argentina, zipCode=1888)
2018-12-07 15:40:51 INFO  StudentTest:39 - Creating subjects..
2018-12-07 15:40:51 DEBUG StudentTest:44 - Object created [Subject(name=Lengua, description=Lengua, level=Secundario), Subject(name=Matematicas, description=Matematicas, level=Secundario)]
2018-12-07 15:40:51 INFO  StudentTest:46 - Creating user..
2018-12-07 15:40:51 DEBUG StudentTest:51 - Object created Student(name=Leandro, lastName=Leguiza, email=leanleguiza@gmail.com, dni=40731455, telephone=43675432, cellphone=1187873402, address=Address(street=Lisboa, number=714, city=Florencio Varela, state=Buenos Aires, country=Argentina, zipCode=1888), academicLevel=Primario, dictationSubjects=[Subject(name=Lengua, description=Lengua, level=Secundario), Subject(name=Matematicas, description=Matematicas, level=Secundario)], enabled=true)
2018-12-07 15:40:51 DEBUG StudentTest:55 - Saving user...
2018-12-07 15:41:52 INFO  StudentTest:34 - Creating address..
2018-12-07 15:41:52 DEBUG StudentTest:37 - Object created Address(street=Lisboa, number=714, city=Florencio Varela, state=Buenos Aires, country=Argentina, zipCode=1888)
2018-12-07 15:41:52 INFO  StudentTest:39 - Creating subjects..
2018-12-07 15:41:52 DEBUG StudentTest:44 - Object created [Subject(name=Lengua, description=Lengua, level=Secundario), Subject(name=Matematicas, description=Matematicas, level=Secundario)]
2018-12-07 15:41:52 INFO  StudentTest:46 - Creating user..
2018-12-07 15:41:52 DEBUG StudentTest:51 - Object created Student(name=Leandro, lastName=Leguiza, email=leanleguiza@gmail.com, dni=40731455, telephone=43675432, cellphone=1187873402, address=Address(street=Lisboa, number=714, city=Florencio Varela, state=Buenos Aires, country=Argentina, zipCode=1888), academicLevel=Primario, dictationSubjects=[Subject(name=Lengua, description=Lengua, level=Secundario), Subject(name=Matematicas, description=Matematicas, level=Secundario)], enabled=true)
2018-12-07 15:41:52 DEBUG StudentTest:55 - Saving user...
2018-12-07 15:43:52 INFO  StudentTest:34 - Creating address..
2018-12-07 15:43:52 DEBUG StudentTest:37 - Object created Address(street=Lisboa, number=714, city=Florencio Varela, state=Buenos Aires, country=Argentina, zipCode=1888)
2018-12-07 15:43:52 INFO  StudentTest:39 - Creating subjects..
2018-12-07 15:43:52 DEBUG StudentTest:44 - Object created [Subject(name=Lengua, description=Lengua, level=Secundario), Subject(name=Matematicas, description=Matematicas, level=Secundario)]
2018-12-07 15:43:52 INFO  StudentTest:46 - Creating user..
2018-12-07 15:43:52 DEBUG StudentTest:51 - Object created Student(name=Leandro, lastName=Leguiza, email=leanleguiza@gmail.com, dni=40731455, telephone=43675432, cellphone=1187873402, address=Address(street=Lisboa, number=714, city=Florencio Varela, state=Buenos Aires, country=Argentina, zipCode=1888), academicLevel=Primario, dictationSubjects=[Subject(name=Lengua, description=Lengua, level=Secundario), Subject(name=Matematicas, description=Matematicas, level=Secundario)], enabled=true)
2018-12-07 15:43:52 DEBUG StudentTest:55 - Saving user...
2018-12-07 15:44:38 INFO  StudentTest:34 - Creating address..
2018-12-07 15:44:38 DEBUG StudentTest:37 - Object created Address(street=Lisboa, number=714, city=Florencio Varela, state=Buenos Aires, country=Argentina, zipCode=1888)
2018-12-07 15:44:38 INFO  StudentTest:39 - Creating subjects..
2018-12-07 15:44:38 DEBUG StudentTest:44 - Object created [Subject(name=Lengua, description=Lengua, level=Secundario), Subject(name=Matematicas, description=Matematicas, level=Secundario)]
2018-12-07 15:44:38 INFO  StudentTest:46 - Creating user..
2018-12-07 15:44:38 DEBUG StudentTest:51 - Object created Student(name=Leandro, lastName=Leguiza, email=leanleguiza@gmail.com, dni=40731455, telephone=43675432, cellphone=1187873402, address=Address(street=Lisboa, number=714, city=Florencio Varela, state=Buenos Aires, country=Argentina, zipCode=1888), academicLevel=Primario, dictationSubjects=[Subject(name=Lengua, description=Lengua, level=Secundario), Subject(name=Matematicas, description=Matematicas, level=Secundario)], enabled=true)
2018-12-07 15:44:38 DEBUG StudentTest:55 - Saving user...
2018-12-07 15:44:59 INFO  StudentTest:34 - Creating address..
2018-12-07 15:45:15 DEBUG StudentTest:37 - Object created Address(street=Lisboa, number=714, city=Florencio Varela, state=Buenos Aires, country=Argentina, zipCode=1888)
2018-12-07 15:45:17 INFO  StudentTest:39 - Creating subjects..
2018-12-07 15:45:19 DEBUG StudentTest:44 - Object created [Subject(name=Lengua, description=Lengua, level=Secundario), Subject(name=Matematicas, description=Matematicas, level=Secundario)]
2018-12-07 15:45:23 INFO  StudentTest:46 - Creating user..
2018-12-07 15:45:34 DEBUG StudentTest:51 - Object created Student(name=Leandro, lastName=Leguiza, email=leanleguiza@gmail.com, dni=40731455, telephone=43675432, cellphone=1187873402, address=Address(street=Lisboa, number=714, city=Florencio Varela, state=Buenos Aires, country=Argentina, zipCode=1888), academicLevel=Primario, dictationSubjects=[Subject(name=Lengua, description=Lengua, level=Secundario), Subject(name=Matematicas, description=Matematicas, level=Secundario)], enabled=true)
2018-12-07 15:45:42 DEBUG StudentTest:55 - Saving user...
2018-12-07 15:48:01 INFO  StudentTest:34 - Creating address..
2018-12-07 15:48:08 DEBUG StudentTest:37 - Object created Address(street=Lisboa, number=714, city=Florencio Varela, state=Buenos Aires, country=Argentina, zipCode=1888)
2018-12-07 15:48:08 INFO  StudentTest:39 - Creating subjects..
2018-12-07 15:48:09 DEBUG StudentTest:44 - Object created [Subject(name=Lengua, description=Lengua, level=Secundario), Subject(name=Matematicas, description=Matematicas, level=Secundario)]
2018-12-07 15:48:09 INFO  StudentTest:46 - Creating user..
2018-12-07 15:48:11 DEBUG StudentTest:51 - Object created Student(name=Leandro, lastName=Leguiza, email=leanleguiza@gmail.com, dni=40731455, telephone=43675432, cellphone=1187873402, address=Address(street=Lisboa, number=714, city=Florencio Varela, state=Buenos Aires, country=Argentina, zipCode=1888), academicLevel=Primario, dictationSubjects=[Subject(name=Lengua, description=Lengua, level=Secundario), Subject(name=Matematicas, description=Matematicas, level=Secundario)], enabled=true)
2018-12-07 15:48:11 DEBUG StudentTest:55 - Saving user...
2018-12-07 15:55:23 INFO  StudentTest:34 - Creating address..
2018-12-07 15:55:23 DEBUG StudentTest:37 - Object created Address(street=Lisboa, number=714, city=Florencio Varela, state=Buenos Aires, country=Argentina, zipCode=1888)
2018-12-07 15:55:23 INFO  StudentTest:39 - Creating subjects..
2018-12-07 15:55:23 DEBUG StudentTest:44 - Object created [Subject(name=Lengua, description=Lengua, level=Secundario), Subject(name=Matematicas, description=Matematicas, level=Secundario)]
2018-12-07 15:55:23 INFO  StudentTest:46 - Creating user..
2018-12-07 15:55:23 DEBUG StudentTest:51 - Object created Student(name=Leandro, lastName=Leguiza, email=leanleguiza@gmail.com, dni=40731455, telephone=43675432, cellphone=1187873402, address=Address(street=Lisboa, number=714, city=Florencio Varela, state=Buenos Aires, country=Argentina, zipCode=1888), academicLevel=Primario, dictationSubjects=[Subject(name=Lengua, description=Lengua, level=Secundario), Subject(name=Matematicas, description=Matematicas, level=Secundario)], enabled=true)
2018-12-07 15:55:23 DEBUG StudentTest:55 - Saving user...
2018-12-07 15:55:23 INFO  StudentService:29 - Checking user existing...
2018-12-07 15:55:23 ERROR StudentService:34 - Existing object, Student(name=Leandro, lastName=Leguiza, email=leanleguiza@gmail.com, dni=40731455, telephone=43675432, cellphone=1187873402, address=Address(street=Lisboa, number=714, city=Florencio Varela, state=Buenos Aires, country=Argentina, zipCode=1888), academicLevel=Primario, dictationSubjects=[Subject(name=Lengua, description=Lengua, level=Secundario), Subject(name=Matematicas, description=Matematicas, level=Secundario)], enabled=true)
2018-12-07 15:55:23 INFO  StudentService:61 - Checking user existing...
2018-12-10 11:29:04 INFO  StudentTest:43 - Loading data for the object Student...
2018-12-10 11:29:04 DEBUG StudentTest:61 - Loaded data for the object user...
2018-12-10 11:29:04 INFO  StudentTest:63 - Creating user..
2018-12-10 11:29:04 DEBUG StudentTest:66 - Object created Student(name=Arturo, lastName=Jauretche, email=arturojauretche@unaj.edu.ar, dni=13780036, telephone=43556473, cellphone=1132468772, address=Address(street=Av. Calchaqui, number=2798, city=Florencio Varela, state=Buenos Aires, country=Argentina, zipCode=1888), academicLevel=Universitario, dictationSubjects=[Subject(name=Literatura, description=Literatura Comtemporanea, level=Secundario), Subject(name=Derecho, description=Derecho, level=Universitario)])
2018-12-10 11:29:04 DEBUG StudentTest:70 - Saving user...
2018-12-10 11:29:04 INFO  StudentService:30 - Checking user existing...
2018-12-10 11:29:04 DEBUG StudentTest:72 - Saved Student(name=Arturo, lastName=Jauretche, email=arturojauretche@unaj.edu.ar, dni=13780036, telephone=43556473, cellphone=1132468772, address=Address(street=Av. Calchaqui, number=2798, city=Florencio Varela, state=Buenos Aires, country=Argentina, zipCode=1888), academicLevel=Universitario, dictationSubjects=[Subject(name=Literatura, description=Literatura Comtemporanea, level=Secundario), Subject(name=Derecho, description=Derecho, level=Universitario)])
2018-12-10 11:29:04 INFO  StudentTest:83 - Getting user...
2018-12-10 11:29:04 INFO  StudentTest:43 - Loading data for the object Student...
2018-12-10 11:29:04 DEBUG StudentTest:61 - Loaded data for the object user...
2018-12-10 11:29:04 INFO  StudentTest:63 - Creating user..
2018-12-10 11:29:04 DEBUG StudentTest:66 - Object created Student(name=Arturo, lastName=Jauretche, email=arturojauretche@unaj.edu.ar, dni=13780036, telephone=43556473, cellphone=1132468772, address=Address(street=Av. Calchaqui, number=2798, city=Florencio Varela, state=Buenos Aires, country=Argentina, zipCode=1888), academicLevel=Universitario, dictationSubjects=[Subject(name=Literatura, description=Literatura Comtemporanea, level=Secundario), Subject(name=Derecho, description=Derecho, level=Universitario)])
2018-12-10 11:29:04 DEBUG StudentTest:70 - Saving user...
2018-12-10 11:29:04 INFO  StudentService:30 - Checking user existing...
2018-12-10 11:29:04 ERROR StudentService:35 - Existing object, Student(name=Arturo, lastName=Jauretche, email=arturojauretche@unaj.edu.ar, dni=13780036, telephone=43556473, cellphone=1132468772, address=Address(street=Av. Calchaqui, number=2798, city=Florencio Varela, state=Buenos Aires, country=Argentina, zipCode=1888), academicLevel=Universitario, dictationSubjects=[Subject(name=Literatura, description=Literatura Comtemporanea, level=Secundario), Subject(name=Derecho, description=Derecho, level=Universitario)])
2018-12-10 11:29:04 INFO  StudentService:66 - Checking user existing...
2018-12-10 11:29:04 DEBUG StudentService:69 - Returning user..
2018-12-10 11:29:04 INFO  StudentService:83 - Checking user existing...
2018-12-10 11:29:04 ERROR StudentService:89 - No existing object, Student(name=Arturo Martin, lastName=Jauretche, email=arturojauretche@unaj.edu.ar, dni=13780035, telephone=43556473, cellphone=1132468772, address=Address(street=Av. Calchaqui, number=2798, city=Florencio Varela, state=Buenos Aires, country=Argentina, zipCode=1888), academicLevel=Universitario, dictationSubjects=[Subject(name=Literatura, description=Literatura Comtemporanea, level=Secundario), Subject(name=Derecho, description=Derecho, level=Universitario)])
2018-12-10 11:40:11 INFO  StudentTest:43 - Loading data for the object Student...
2018-12-10 11:40:24 DEBUG StudentTest:61 - Loaded data for the object user...
2018-12-10 11:40:25 INFO  StudentTest:63 - Creating user..
2018-12-10 11:40:27 DEBUG StudentTest:66 - Object created Student(name=Arturo, lastName=Jauretche, email=arturojauretche@unaj.edu.ar, dni=13780036, telephone=43556473, cellphone=1132468772, address=Address(street=Av. Calchaqui, number=2798, city=Florencio Varela, state=Buenos Aires, country=Argentina, zipCode=1888), academicLevel=Universitario, dictationSubjects=[Subject(name=Literatura, description=Literatura Comtemporanea, level=Secundario), Subject(name=Derecho, description=Derecho, level=Universitario)])
2018-12-10 11:40:29 DEBUG StudentTest:70 - Saving user...
2018-12-10 11:40:31 INFO  StudentService:30 - Checking user existing...
2018-12-10 11:40:31 ERROR StudentService:35 - Existing object, Student(name=Arturo, lastName=Jauretche, email=arturojauretche@unaj.edu.ar, dni=13780036, telephone=43556473, cellphone=1132468772, address=Address(street=Av. Calchaqui, number=2798, city=Florencio Varela, state=Buenos Aires, country=Argentina, zipCode=1888), academicLevel=Universitario, dictationSubjects=[Subject(name=Literatura, description=Literatura Comtemporanea, level=Secundario), Subject(name=Derecho, description=Derecho, level=Universitario)])
2018-12-10 11:41:09 INFO  StudentTest:83 - Getting user...
2018-12-10 11:41:43 INFO  StudentTest:43 - Loading data for the object Student...
2018-12-10 11:41:43 DEBUG StudentTest:61 - Loaded data for the object user...
2018-12-10 11:41:43 INFO  StudentTest:63 - Creating user..
2018-12-10 11:41:43 DEBUG StudentTest:66 - Object created Student(name=Arturo, lastName=Jauretche, email=arturojauretche@unaj.edu.ar, dni=13780036, telephone=43556473, cellphone=1132468772, address=Address(street=Av. Calchaqui, number=2798, city=Florencio Varela, state=Buenos Aires, country=Argentina, zipCode=1888), academicLevel=Universitario, dictationSubjects=[Subject(name=Literatura, description=Literatura Comtemporanea, level=Secundario), Subject(name=Derecho, description=Derecho, level=Universitario)])
2018-12-10 11:41:43 DEBUG StudentTest:70 - Saving user...
2018-12-10 11:41:43 INFO  StudentService:30 - Checking user existing...
2018-12-10 11:41:43 ERROR StudentService:35 - Existing object, Student(name=Arturo, lastName=Jauretche, email=arturojauretche@unaj.edu.ar, dni=13780036, telephone=43556473, cellphone=1132468772, address=Address(street=Av. Calchaqui, number=2798, city=Florencio Varela, state=Buenos Aires, country=Argentina, zipCode=1888), academicLevel=Universitario, dictationSubjects=[Subject(name=Literatura, description=Literatura Comtemporanea, level=Secundario), Subject(name=Derecho, description=Derecho, level=Universitario)])
2018-12-10 11:41:43 INFO  StudentService:66 - Checking user existing...
2018-12-10 11:41:43 DEBUG StudentService:69 - Returning user..
2018-12-10 11:41:43 INFO  StudentService:83 - Checking user existing...
2018-12-10 11:41:43 ERROR StudentService:89 - No existing object, Student(name=Arturo Martin, lastName=Jauretche, email=arturojauretche@unaj.edu.ar, dni=13780035, telephone=43556473, cellphone=1132468772, address=Address(street=Av. Calchaqui, number=2798, city=Florencio Varela, state=Buenos Aires, country=Argentina, zipCode=1888), academicLevel=Universitario, dictationSubjects=[Subject(name=Literatura, description=Literatura Comtemporanea, level=Secundario), Subject(name=Derecho, description=Derecho, level=Universitario)])
2018-12-10 11:41:53 INFO  StudentTest:43 - Loading data for the object Student...
2018-12-10 11:41:53 DEBUG StudentTest:61 - Loaded data for the object user...
2018-12-10 11:41:53 INFO  StudentTest:63 - Creating user..
2018-12-10 11:41:53 DEBUG StudentTest:66 - Object created Student(name=Arturo, lastName=Jauretche, email=arturojauretche@unaj.edu.ar, dni=13780036, telephone=43556473, cellphone=1132468772, address=Address(street=Av. Calchaqui, number=2798, city=Florencio Varela, state=Buenos Aires, country=Argentina, zipCode=1888), academicLevel=Universitario, dictationSubjects=[Subject(name=Literatura, description=Literatura Comtemporanea, level=Secundario), Subject(name=Derecho, description=Derecho, level=Universitario)])
2018-12-10 11:41:53 DEBUG StudentTest:70 - Saving user...
2018-12-10 11:41:53 INFO  StudentService:30 - Checking user existing...
2018-12-10 11:41:53 ERROR StudentService:35 - Existing object, Student(name=Arturo, lastName=Jauretche, email=arturojauretche@unaj.edu.ar, dni=13780036, telephone=43556473, cellphone=1132468772, address=Address(street=Av. Calchaqui, number=2798, city=Florencio Varela, state=Buenos Aires, country=Argentina, zipCode=1888), academicLevel=Universitario, dictationSubjects=[Subject(name=Literatura, description=Literatura Comtemporanea, level=Secundario), Subject(name=Derecho, description=Derecho, level=Universitario)])
2018-12-10 11:41:53 INFO  StudentTest:83 - Getting user...
2018-12-10 11:41:53 INFO  StudentTest:43 - Loading data for the object Student...
2018-12-10 11:41:53 DEBUG StudentTest:61 - Loaded data for the object user...
2018-12-10 11:41:53 INFO  StudentTest:63 - Creating user..
2018-12-10 11:41:53 DEBUG StudentTest:66 - Object created Student(name=Arturo, lastName=Jauretche, email=arturojauretche@unaj.edu.ar, dni=13780036, telephone=43556473, cellphone=1132468772, address=Address(street=Av. Calchaqui, number=2798, city=Florencio Varela, state=Buenos Aires, country=Argentina, zipCode=1888), academicLevel=Universitario, dictationSubjects=[Subject(name=Literatura, description=Literatura Comtemporanea, level=Secundario), Subject(name=Derecho, description=Derecho, level=Universitario)])
2018-12-10 11:41:53 DEBUG StudentTest:70 - Saving user...
2018-12-10 11:41:53 INFO  StudentService:30 - Checking user existing...
2018-12-10 11:41:53 ERROR StudentService:35 - Existing object, Student(name=Arturo, lastName=Jauretche, email=arturojauretche@unaj.edu.ar, dni=13780036, telephone=43556473, cellphone=1132468772, address=Address(street=Av. Calchaqui, number=2798, city=Florencio Varela, state=Buenos Aires, country=Argentina, zipCode=1888), academicLevel=Universitario, dictationSubjects=[Subject(name=Literatura, description=Literatura Comtemporanea, level=Secundario), Subject(name=Derecho, description=Derecho, level=Universitario)])
2018-12-10 11:41:53 INFO  StudentService:66 - Checking user existing...
2018-12-10 11:41:53 DEBUG StudentService:69 - Returning user..
2018-12-10 11:41:53 INFO  StudentService:83 - Checking user existing...
2018-12-10 11:41:53 ERROR StudentService:89 - No existing object, Student(name=Arturo Martin, lastName=Jauretche, email=arturojauretche@unaj.edu.ar, dni=13780035, telephone=43556473, cellphone=1132468772, address=Address(street=Av. Calchaqui, number=2798, city=Florencio Varela, state=Buenos Aires, country=Argentina, zipCode=1888), academicLevel=Universitario, dictationSubjects=[Subject(name=Literatura, description=Literatura Comtemporanea, level=Secundario), Subject(name=Derecho, description=Derecho, level=Universitario)])
2018-12-10 11:42:27 INFO  StudentTest:43 - Loading data for the object Student...
2018-12-10 11:42:27 DEBUG StudentTest:61 - Loaded data for the object user...
2018-12-10 11:42:27 INFO  StudentTest:63 - Creating user..
2018-12-10 11:42:27 DEBUG StudentTest:66 - Object created Student(name=Arturo, lastName=Jauretche, email=arturojauretche@unaj.edu.ar, dni=13780036, telephone=43556473, cellphone=1132468772, address=Address(street=Av. Calchaqui, number=2798, city=Florencio Varela, state=Buenos Aires, country=Argentina, zipCode=1888), academicLevel=Universitario, dictationSubjects=[Subject(name=Literatura, description=Literatura Comtemporanea, level=Secundario), Subject(name=Derecho, description=Derecho, level=Universitario)])
2018-12-10 11:42:27 DEBUG StudentTest:70 - Saving user...
2018-12-10 11:42:27 INFO  StudentService:30 - Checking user existing...
2018-12-10 11:42:27 ERROR StudentService:35 - Existing object, Student(name=Arturo, lastName=Jauretche, email=arturojauretche@unaj.edu.ar, dni=13780036, telephone=43556473, cellphone=1132468772, address=Address(street=Av. Calchaqui, number=2798, city=Florencio Varela, state=Buenos Aires, country=Argentina, zipCode=1888), academicLevel=Universitario, dictationSubjects=[Subject(name=Literatura, description=Literatura Comtemporanea, level=Secundario), Subject(name=Derecho, description=Derecho, level=Universitario)])
2018-12-10 11:42:47 INFO  StudentService:66 - Checking user existing...
2018-12-10 11:42:47 DEBUG StudentService:69 - Returning user..
2018-12-10 11:43:13 INFO  StudentService:83 - Checking user existing...
2018-12-10 11:43:13 ERROR StudentService:89 - No existing object, Student(name=Arturo Martin, lastName=Jauretche, email=arturojauretche@unaj.edu.ar, dni=13780035, telephone=43556473, cellphone=1132468772, address=Address(street=Av. Calchaqui, number=2798, city=Florencio Varela, state=Buenos Aires, country=Argentina, zipCode=1888), academicLevel=Universitario, dictationSubjects=[Subject(name=Literatura, description=Literatura Comtemporanea, level=Secundario), Subject(name=Derecho, description=Derecho, level=Universitario)])
2018-12-10 11:43:58 INFO  StudentTest:43 - Loading data for the object Student...
2018-12-10 11:43:58 DEBUG StudentTest:61 - Loaded data for the object user...
2018-12-10 11:43:58 INFO  StudentTest:63 - Creating user..
2018-12-10 11:43:58 DEBUG StudentTest:66 - Object created Student(name=Arturo, lastName=Jauretche, email=arturojauretche@unaj.edu.ar, dni=13780036, telephone=43556473, cellphone=1132468772, address=Address(street=Av. Calchaqui, number=2798, city=Florencio Varela, state=Buenos Aires, country=Argentina, zipCode=1888), academicLevel=Universitario, dictationSubjects=[Subject(name=Literatura, description=Literatura Comtemporanea, level=Secundario), Subject(name=Derecho, description=Derecho, level=Universitario)])
2018-12-10 11:43:58 DEBUG StudentTest:70 - Saving user...
2018-12-10 11:43:58 INFO  StudentService:30 - Checking user existing...
2018-12-10 11:43:58 ERROR StudentService:35 - Existing object, Student(name=Arturo, lastName=Jauretche, email=arturojauretche@unaj.edu.ar, dni=13780036, telephone=43556473, cellphone=1132468772, address=Address(street=Av. Calchaqui, number=2798, city=Florencio Varela, state=Buenos Aires, country=Argentina, zipCode=1888), academicLevel=Universitario, dictationSubjects=[Subject(name=Literatura, description=Literatura Comtemporanea, level=Secundario), Subject(name=Derecho, description=Derecho, level=Universitario)])
2018-12-10 11:44:00 INFO  StudentService:66 - Checking user existing...
2018-12-10 11:44:00 DEBUG StudentService:69 - Returning user..
2018-12-10 11:44:05 INFO  StudentService:83 - Checking user existing...
2018-12-10 11:48:27 ERROR StudentService:89 - No existing object, Student(name=Arturo Martin, lastName=Jauretche, email=arturojauretche@unaj.edu.ar, dni=13780035, telephone=43556473, cellphone=1132468772, address=Address(street=Av. Calchaqui, number=2798, city=Florencio Varela, state=Buenos Aires, country=Argentina, zipCode=1888), academicLevel=Universitario, dictationSubjects=[Subject(name=Literatura, description=Literatura Comtemporanea, level=Secundario), Subject(name=Derecho, description=Derecho, level=Universitario)])
2018-12-10 11:48:41 INFO  StudentTest:43 - Loading data for the object Student...
2018-12-10 11:48:41 DEBUG StudentTest:61 - Loaded data for the object user...
2018-12-10 11:48:41 INFO  StudentTest:63 - Creating user..
2018-12-10 11:48:41 DEBUG StudentTest:66 - Object created Student(name=Arturo, lastName=Jauretche, email=arturojauretche@unaj.edu.ar, dni=13780036, telephone=43556473, cellphone=1132468772, address=Address(street=Av. Calchaqui, number=2798, city=Florencio Varela, state=Buenos Aires, country=Argentina, zipCode=1888), academicLevel=Universitario, dictationSubjects=[Subject(name=Literatura, description=Literatura Comtemporanea, level=Secundario), Subject(name=Derecho, description=Derecho, level=Universitario)])
2018-12-10 11:48:41 DEBUG StudentTest:70 - Saving user...
2018-12-10 11:48:41 INFO  StudentService:30 - Checking user existing...
2018-12-10 11:48:41 DEBUG StudentTest:72 - Saved Student(name=Arturo, lastName=Jauretche, email=arturojauretche@unaj.edu.ar, dni=13780036, telephone=43556473, cellphone=1132468772, address=Address(street=Av. Calchaqui, number=2798, city=Florencio Varela, state=Buenos Aires, country=Argentina, zipCode=1888), academicLevel=Universitario, dictationSubjects=[Subject(name=Literatura, description=Literatura Comtemporanea, level=Secundario), Subject(name=Derecho, description=Derecho, level=Universitario)])
2018-12-10 11:48:41 INFO  StudentService:66 - Checking user existing...
2018-12-10 11:48:41 DEBUG StudentService:69 - Returning user..
2018-12-10 11:48:41 INFO  StudentService:83 - Checking user existing...
2018-12-10 11:48:41 ERROR StudentService:89 - No existing object, Student(name=Arturo Martin, lastName=Jauretche, email=arturojauretche@unaj.edu.ar, dni=13780035, telephone=43556473, cellphone=1132468772, address=Address(street=Av. Calchaqui, number=2798, city=Florencio Varela, state=Buenos Aires, country=Argentina, zipCode=1888), academicLevel=Universitario, dictationSubjects=[Subject(name=Literatura, description=Literatura Comtemporanea, level=Secundario), Subject(name=Derecho, description=Derecho, level=Universitario)])
2018-12-10 11:50:00 INFO  StudentTest:43 - Loading data for the object Student...
2018-12-10 11:50:00 DEBUG StudentTest:61 - Loaded data for the object user...
2018-12-10 11:50:00 INFO  StudentTest:63 - Creating user..
2018-12-10 11:50:00 DEBUG StudentTest:66 - Object created Student(name=Arturo, lastName=Jauretche, email=arturojauretche@unaj.edu.ar, dni=13780036, telephone=43556473, cellphone=1132468772, address=Address(street=Av. Calchaqui, number=2798, city=Florencio Varela, state=Buenos Aires, country=Argentina, zipCode=1888), academicLevel=Universitario, dictationSubjects=[Subject(name=Literatura, description=Literatura Comtemporanea, level=Secundario), Subject(name=Derecho, description=Derecho, level=Universitario)])
2018-12-10 11:50:00 DEBUG StudentTest:70 - Saving user...
2018-12-10 11:50:00 INFO  StudentService:30 - Checking user existing...
2018-12-10 11:50:00 DEBUG StudentTest:72 - Saved Student(name=Arturo, lastName=Jauretche, email=arturojauretche@unaj.edu.ar, dni=13780036, telephone=43556473, cellphone=1132468772, address=Address(street=Av. Calchaqui, number=2798, city=Florencio Varela, state=Buenos Aires, country=Argentina, zipCode=1888), academicLevel=Universitario, dictationSubjects=[Subject(name=Literatura, description=Literatura Comtemporanea, level=Secundario), Subject(name=Derecho, description=Derecho, level=Universitario)])
2018-12-10 11:50:00 INFO  StudentService:66 - Checking user existing...
2018-12-10 11:50:00 DEBUG StudentService:69 - Returning user..
2018-12-10 11:50:00 INFO  StudentService:83 - Checking user existing...
2018-12-10 11:50:00 DEBUG StudentService:86 - Updating user..
2018-12-10 11:51:10 INFO  StudentTest:43 - Loading data for the object Student...
2018-12-10 11:51:10 DEBUG StudentTest:61 - Loaded data for the object user...
2018-12-10 11:51:10 INFO  StudentTest:63 - Creating user..
2018-12-10 11:51:10 DEBUG StudentTest:66 - Object created Student(name=Arturo, lastName=Jauretche, email=arturojauretche@unaj.edu.ar, dni=13780036, telephone=43556473, cellphone=1132468772, address=Address(street=Av. Calchaqui, number=2798, city=Florencio Varela, state=Buenos Aires, country=Argentina, zipCode=1888), academicLevel=Universitario, dictationSubjects=[Subject(name=Literatura, description=Literatura Comtemporanea, level=Secundario), Subject(name=Derecho, description=Derecho, level=Universitario)])
2018-12-10 11:51:10 DEBUG StudentTest:70 - Saving user...
2018-12-10 11:51:10 INFO  StudentService:30 - Checking user existing...
2018-12-10 11:51:10 ERROR StudentService:35 - Existing object, Student(name=Arturo, lastName=Jauretche, email=arturojauretche@unaj.edu.ar, dni=13780036, telephone=43556473, cellphone=1132468772, address=Address(street=Av. Calchaqui, number=2798, city=Florencio Varela, state=Buenos Aires, country=Argentina, zipCode=1888), academicLevel=Universitario, dictationSubjects=[Subject(name=Literatura, description=Literatura Comtemporanea, level=Secundario), Subject(name=Derecho, description=Derecho, level=Universitario)])
2018-12-10 11:51:10 INFO  StudentTest:83 - Getting user...
2018-12-10 11:52:18 INFO  StudentTest:43 - Loading data for the object Student...
2018-12-10 11:52:18 DEBUG StudentTest:61 - Loaded data for the object user...
2018-12-10 11:52:18 INFO  StudentTest:63 - Creating user..
2018-12-10 11:52:18 DEBUG StudentTest:66 - Object created Student(name=ARTURO, lastName=JAURETCHE, email=arturojauretche@unaj.edu.ar, dni=13780036, telephone=43556473, cellphone=1132468772, address=Address(street=Av. Calchaqui, number=2798, city=Florencio Varela, state=Buenos Aires, country=Argentina, zipCode=1888), academicLevel=Universitario, dictationSubjects=[Subject(name=Literatura, description=Literatura Comtemporanea, level=Secundario), Subject(name=Derecho, description=Derecho, level=Universitario)])
2018-12-10 11:52:18 DEBUG StudentTest:70 - Saving user...
2018-12-10 11:52:18 INFO  StudentService:30 - Checking user existing...
2018-12-10 11:52:18 ERROR StudentService:35 - Existing object, Student(name=ARTURO, lastName=JAURETCHE, email=arturojauretche@unaj.edu.ar, dni=13780036, telephone=43556473, cellphone=1132468772, address=Address(street=Av. Calchaqui, number=2798, city=Florencio Varela, state=Buenos Aires, country=Argentina, zipCode=1888), academicLevel=Universitario, dictationSubjects=[Subject(name=Literatura, description=Literatura Comtemporanea, level=Secundario), Subject(name=Derecho, description=Derecho, level=Universitario)])
2018-12-10 11:52:18 INFO  StudentService:66 - Checking user existing...
2018-12-10 11:52:18 DEBUG StudentService:69 - Returning user..
2018-12-10 11:52:18 INFO  StudentService:83 - Checking user existing...
2018-12-10 11:52:18 DEBUG StudentService:86 - Updating user..
2018-12-10 11:53:47 INFO  StudentTest:43 - Loading data for the object Student...
2018-12-10 11:53:47 DEBUG StudentTest:61 - Loaded data for the object user...
2018-12-10 11:53:47 INFO  StudentTest:63 - Creating user..
2018-12-10 11:53:47 DEBUG StudentTest:66 - Object created Student(name=ARTURO, lastName=JAURETCHE, email=arturojauretche@unaj.edu.ar, dni=13780036, telephone=43556473, cellphone=1132468772, address=Address(street=Av. Calchaqui, number=2798, city=Florencio Varela, state=Buenos Aires, country=Argentina, zipCode=1888), academicLevel=Universitario, dictationSubjects=[Subject(name=Literatura, description=Literatura Comtemporanea, level=Secundario), Subject(name=Derecho, description=Derecho, level=Universitario)])
2018-12-10 11:53:47 DEBUG StudentTest:70 - Saving user...
2018-12-10 11:53:47 INFO  StudentService:30 - Checking user existing...
2018-12-10 11:53:47 DEBUG StudentTest:72 - Saved Student(name=ARTURO, lastName=JAURETCHE, email=arturojauretche@unaj.edu.ar, dni=13780036, telephone=43556473, cellphone=1132468772, address=Address(street=Av. Calchaqui, number=2798, city=Florencio Varela, state=Buenos Aires, country=Argentina, zipCode=1888), academicLevel=Universitario, dictationSubjects=[Subject(name=Literatura, description=Literatura Comtemporanea, level=Secundario), Subject(name=Derecho, description=Derecho, level=Universitario)])
2018-12-10 11:53:47 INFO  StudentTest:83 - Getting user...
2018-12-10 11:53:47 INFO  StudentTest:43 - Loading data for the object Student...
2018-12-10 11:53:47 DEBUG StudentTest:61 - Loaded data for the object user...
2018-12-10 11:53:47 INFO  StudentTest:63 - Creating user..
2018-12-10 11:53:47 DEBUG StudentTest:66 - Object created Student(name=ARTURO, lastName=JAURETCHE, email=arturojauretche@unaj.edu.ar, dni=13780036, telephone=43556473, cellphone=1132468772, address=Address(street=Av. Calchaqui, number=2798, city=Florencio Varela, state=Buenos Aires, country=Argentina, zipCode=1888), academicLevel=Universitario, dictationSubjects=[Subject(name=Literatura, description=Literatura Comtemporanea, level=Secundario), Subject(name=Derecho, description=Derecho, level=Universitario)])
2018-12-10 11:53:47 DEBUG StudentTest:70 - Saving user...
2018-12-10 11:53:47 INFO  StudentService:30 - Checking user existing...
2018-12-10 11:53:47 ERROR StudentService:35 - Existing object, Student(name=ARTURO, lastName=JAURETCHE, email=arturojauretche@unaj.edu.ar, dni=13780036, telephone=43556473, cellphone=1132468772, address=Address(street=Av. Calchaqui, number=2798, city=Florencio Varela, state=Buenos Aires, country=Argentina, zipCode=1888), academicLevel=Universitario, dictationSubjects=[Subject(name=Literatura, description=Literatura Comtemporanea, level=Secundario), Subject(name=Derecho, description=Derecho, level=Universitario)])
2018-12-10 11:53:47 INFO  StudentService:66 - Checking user existing...
2018-12-10 11:53:47 DEBUG StudentService:69 - Returning user..
2018-12-10 11:53:47 INFO  StudentService:83 - Checking user existing...
2018-12-10 11:53:47 DEBUG StudentService:86 - Updating user..
2018-12-10 11:57:26 INFO  StudentTest:44 - Loading data for the object Student...
2018-12-10 11:57:26 DEBUG StudentTest:62 - Loaded data for the object user...
2018-12-10 11:57:26 INFO  StudentTest:64 - Creating user..
2018-12-10 11:57:26 DEBUG StudentTest:67 - Object created Student(name=ARTURO, lastName=JAURETCHE, email=arturojauretche@unaj.edu.ar, dni=13780036, telephone=43556473, cellphone=1132468772, address=Address(street=Av. Calchaqui, number=2798, city=Florencio Varela, state=Buenos Aires, country=Argentina, zipCode=1888), academicLevel=Universitario, dictationSubjects=[Subject(name=Literatura, description=Literatura Comtemporanea, level=Secundario), Subject(name=Derecho, description=Derecho, level=Universitario)])
2018-12-10 11:57:26 DEBUG StudentTest:71 - Saving user...
2018-12-10 11:57:26 INFO  StudentService:30 - Checking user existing...
2018-12-10 11:57:26 DEBUG StudentTest:73 - Saved Student(name=ARTURO, lastName=JAURETCHE, email=arturojauretche@unaj.edu.ar, dni=13780036, telephone=43556473, cellphone=1132468772, address=Address(street=Av. Calchaqui, number=2798, city=Florencio Varela, state=Buenos Aires, country=Argentina, zipCode=1888), academicLevel=Universitario, dictationSubjects=[Subject(name=Literatura, description=Literatura Comtemporanea, level=Secundario), Subject(name=Derecho, description=Derecho, level=Universitario)])
2018-12-10 11:57:35 INFO  StudentService:66 - Checking user existing...
2018-12-10 11:57:35 DEBUG StudentService:69 - Returning user..
2018-12-10 11:57:46 INFO  StudentService:83 - Checking user existing...
2018-12-10 11:57:51 DEBUG StudentService:86 - Updating user..
2018-12-10 11:58:37 INFO  StudentService:66 - Checking user existing...
2018-12-10 11:58:37 DEBUG StudentService:69 - Returning user..
2018-12-10 11:58:37 DEBUG StudentService:100 - Deleting user..
2018-12-10 11:59:08 INFO  StudentTest:44 - Loading data for the object Student...
2018-12-10 11:59:08 DEBUG StudentTest:62 - Loaded data for the object user...
2018-12-10 11:59:08 INFO  StudentTest:64 - Creating user..
2018-12-10 11:59:08 DEBUG StudentTest:67 - Object created Student(name=ARTURO, lastName=JAURETCHE, email=arturojauretche@unaj.edu.ar, dni=13780036, telephone=43556473, cellphone=1132468772, address=Address(street=Av. Calchaqui, number=2798, city=Florencio Varela, state=Buenos Aires, country=Argentina, zipCode=1888), academicLevel=Universitario, dictationSubjects=[Subject(name=Literatura, description=Literatura Comtemporanea, level=Secundario), Subject(name=Derecho, description=Derecho, level=Universitario)])
2018-12-10 11:59:08 DEBUG StudentTest:71 - Saving user...
2018-12-10 11:59:08 INFO  StudentService:30 - Checking user existing...
2018-12-10 11:59:08 DEBUG StudentTest:73 - Saved Student(name=ARTURO, lastName=JAURETCHE, email=arturojauretche@unaj.edu.ar, dni=13780036, telephone=43556473, cellphone=1132468772, address=Address(street=Av. Calchaqui, number=2798, city=Florencio Varela, state=Buenos Aires, country=Argentina, zipCode=1888), academicLevel=Universitario, dictationSubjects=[Subject(name=Literatura, description=Literatura Comtemporanea, level=Secundario), Subject(name=Derecho, description=Derecho, level=Universitario)])
2018-12-10 11:59:08 INFO  StudentTest:84 - Getting user...
2018-12-10 11:59:08 INFO  StudentService:66 - Checking user existing...
2018-12-10 11:59:08 DEBUG StudentService:69 - Returning user..
2018-12-10 11:59:08 DEBUG StudentService:100 - Deleting user..
2018-12-10 11:59:32 INFO  StudentTest:44 - Loading data for the object Student...
2018-12-10 11:59:32 DEBUG StudentTest:62 - Loaded data for the object user...
2018-12-10 11:59:32 INFO  StudentTest:64 - Creating user..
2018-12-10 11:59:32 DEBUG StudentTest:67 - Object created Student(name=ARTURO, lastName=JAURETCHE, email=arturojauretche@unaj.edu.ar, dni=13780036, telephone=43556473, cellphone=1132468772, address=Address(street=Av. Calchaqui, number=2798, city=Florencio Varela, state=Buenos Aires, country=Argentina, zipCode=1888), academicLevel=Universitario, dictationSubjects=[Subject(name=Literatura, description=Literatura Comtemporanea, level=Secundario), Subject(name=Derecho, description=Derecho, level=Universitario)])
2018-12-10 11:59:32 DEBUG StudentTest:71 - Saving user...
2018-12-10 11:59:32 INFO  StudentService:30 - Checking user existing...
2018-12-10 11:59:32 DEBUG StudentTest:73 - Saved Student(name=ARTURO, lastName=JAURETCHE, email=arturojauretche@unaj.edu.ar, dni=13780036, telephone=43556473, cellphone=1132468772, address=Address(street=Av. Calchaqui, number=2798, city=Florencio Varela, state=Buenos Aires, country=Argentina, zipCode=1888), academicLevel=Universitario, dictationSubjects=[Subject(name=Literatura, description=Literatura Comtemporanea, level=Secundario), Subject(name=Derecho, description=Derecho, level=Universitario)])
2018-12-10 11:59:32 INFO  StudentTest:84 - Getting user...
2018-12-10 11:59:32 INFO  StudentService:66 - Checking user existing...
2018-12-10 11:59:32 DEBUG StudentService:69 - Returning user..
2018-12-10 11:59:32 DEBUG StudentService:100 - Deleting user..
2018-12-10 11:59:32 INFO  StudentTest:44 - Loading data for the object Student...
2018-12-10 11:59:32 DEBUG StudentTest:62 - Loaded data for the object user...
2018-12-10 11:59:32 INFO  StudentTest:64 - Creating user..
2018-12-10 11:59:32 DEBUG StudentTest:67 - Object created Student(name=ARTURO, lastName=JAURETCHE, email=arturojauretche@unaj.edu.ar, dni=13780036, telephone=43556473, cellphone=1132468772, address=Address(street=Av. Calchaqui, number=2798, city=Florencio Varela, state=Buenos Aires, country=Argentina, zipCode=1888), academicLevel=Universitario, dictationSubjects=[Subject(name=Literatura, description=Literatura Comtemporanea, level=Secundario), Subject(name=Derecho, description=Derecho, level=Universitario)])
2018-12-10 11:59:32 DEBUG StudentTest:71 - Saving user...
2018-12-10 11:59:32 INFO  StudentService:30 - Checking user existing...
2018-12-10 11:59:32 DEBUG StudentTest:73 - Saved Student(name=ARTURO, lastName=JAURETCHE, email=arturojauretche@unaj.edu.ar, dni=13780036, telephone=43556473, cellphone=1132468772, address=Address(street=Av. Calchaqui, number=2798, city=Florencio Varela, state=Buenos Aires, country=Argentina, zipCode=1888), academicLevel=Universitario, dictationSubjects=[Subject(name=Literatura, description=Literatura Comtemporanea, level=Secundario), Subject(name=Derecho, description=Derecho, level=Universitario)])
2018-12-10 11:59:32 INFO  StudentService:66 - Checking user existing...
2018-12-10 11:59:32 DEBUG StudentService:69 - Returning user..
2018-12-10 11:59:32 INFO  StudentService:83 - Checking user existing...
2018-12-10 11:59:32 DEBUG StudentService:86 - Updating user..
2018-12-10 11:59:32 INFO  StudentService:66 - Checking user existing...
2018-12-10 11:59:32 DEBUG StudentService:69 - Returning user..
2018-12-10 11:59:32 DEBUG StudentService:100 - Deleting user..
2018-12-10 12:05:01 INFO  StudentTest:44 - Loading data for the object Student...
2018-12-10 12:05:01 DEBUG StudentTest:62 - Loaded data for the object user...
2018-12-10 12:05:01 INFO  StudentTest:64 - Creating user..
2018-12-10 12:05:01 DEBUG StudentTest:67 - Object created Student(name=ARTURO, lastName=JAURETCHE, email=arturojauretche@unaj.edu.ar, dni=13780036, telephone=43556473, cellphone=1132468772, address=Address(street=Av. Calchaqui, number=2798, city=Florencio Varela, state=Buenos Aires, country=Argentina, zipCode=1888), academicLevel=Universitario, dictationSubjects=[Subject(name=Literatura, description=Literatura Comtemporanea, level=Secundario), Subject(name=Derecho, description=Derecho, level=Universitario)])
2018-12-10 12:05:01 DEBUG StudentTest:71 - Saving user...
2018-12-10 12:05:01 INFO  StudentService:30 - Checking user existing...
2018-12-10 12:05:01 DEBUG StudentTest:73 - Saved Student(name=ARTURO, lastName=JAURETCHE, email=arturojauretche@unaj.edu.ar, dni=13780036, telephone=43556473, cellphone=1132468772, address=Address(street=Av. Calchaqui, number=2798, city=Florencio Varela, state=Buenos Aires, country=Argentina, zipCode=1888), academicLevel=Universitario, dictationSubjects=[Subject(name=Literatura, description=Literatura Comtemporanea, level=Secundario), Subject(name=Derecho, description=Derecho, level=Universitario)])
2018-12-10 12:05:01 INFO  StudentService:66 - Checking user existing...
2018-12-10 12:05:01 DEBUG StudentService:69 - Returning user..
2018-12-10 12:05:01 DEBUG StudentService:118 - Updating disabled user..
2018-12-10 12:05:01 INFO  StudentService:66 - Checking user existing...
2018-12-10 12:05:01 DEBUG StudentService:69 - Returning user..
2018-12-10 12:05:01 DEBUG StudentService:100 - Deleting user..
2018-12-10 12:05:45 INFO  StudentTest:44 - Loading data for the object Student...
2018-12-10 12:05:45 DEBUG StudentTest:62 - Loaded data for the object user...
2018-12-10 12:05:45 INFO  StudentTest:64 - Creating user..
2018-12-10 12:05:45 DEBUG StudentTest:67 - Object created Student(name=ARTURO, lastName=JAURETCHE, email=arturojauretche@unaj.edu.ar, dni=13780036, telephone=43556473, cellphone=1132468772, address=Address(street=Av. Calchaqui, number=2798, city=Florencio Varela, state=Buenos Aires, country=Argentina, zipCode=1888), academicLevel=Universitario, dictationSubjects=[Subject(name=Literatura, description=Literatura Comtemporanea, level=Secundario), Subject(name=Derecho, description=Derecho, level=Universitario)])
2018-12-10 12:05:45 DEBUG StudentTest:71 - Saving user...
2018-12-10 12:05:45 INFO  StudentService:30 - Checking user existing...
2018-12-10 12:05:45 DEBUG StudentTest:73 - Saved Student(name=ARTURO, lastName=JAURETCHE, email=arturojauretche@unaj.edu.ar, dni=13780036, telephone=43556473, cellphone=1132468772, address=Address(street=Av. Calchaqui, number=2798, city=Florencio Varela, state=Buenos Aires, country=Argentina, zipCode=1888), academicLevel=Universitario, dictationSubjects=[Subject(name=Literatura, description=Literatura Comtemporanea, level=Secundario), Subject(name=Derecho, description=Derecho, level=Universitario)])
2018-12-10 12:05:58 INFO  StudentService:66 - Checking user existing...
2018-12-10 12:05:58 DEBUG StudentService:69 - Returning user..
2018-12-10 12:07:12 DEBUG StudentService:118 - Updating disabled user..
2018-12-10 12:07:20 INFO  StudentService:66 - Checking user existing...
2018-12-10 12:07:20 DEBUG StudentService:69 - Returning user..
2018-12-10 12:07:20 DEBUG StudentService:100 - Deleting user..
2018-12-10 12:07:30 INFO  StudentTest:44 - Loading data for the object Student...
2018-12-10 12:07:30 DEBUG StudentTest:62 - Loaded data for the object user...
2018-12-10 12:07:30 INFO  StudentTest:64 - Creating user..
2018-12-10 12:07:30 DEBUG StudentTest:67 - Object created Student(name=ARTURO, lastName=JAURETCHE, email=arturojauretche@unaj.edu.ar, dni=13780036, telephone=43556473, cellphone=1132468772, address=Address(street=Av. Calchaqui, number=2798, city=Florencio Varela, state=Buenos Aires, country=Argentina, zipCode=1888), academicLevel=Universitario, dictationSubjects=[Subject(name=Literatura, description=Literatura Comtemporanea, level=Secundario), Subject(name=Derecho, description=Derecho, level=Universitario)])
2018-12-10 12:07:30 DEBUG StudentTest:71 - Saving user...
2018-12-10 12:07:31 INFO  StudentService:30 - Checking user existing...
2018-12-10 12:07:31 ERROR StudentService:35 - Existing object, Student(name=ARTURO, lastName=JAURETCHE, email=arturojauretche@unaj.edu.ar, dni=13780036, telephone=43556473, cellphone=1132468772, address=Address(street=Av. Calchaqui, number=2798, city=Florencio Varela, state=Buenos Aires, country=Argentina, zipCode=1888), academicLevel=Universitario, dictationSubjects=[Subject(name=Literatura, description=Literatura Comtemporanea, level=Secundario), Subject(name=Derecho, description=Derecho, level=Universitario)])
2018-12-10 12:07:33 INFO  StudentService:66 - Checking user existing...
2018-12-10 12:07:33 DEBUG StudentService:69 - Returning user..
2018-12-10 12:08:58 INFO  StudentService:121 - The user is already disable
2018-12-10 12:08:58 INFO  StudentService:66 - Checking user existing...
2018-12-10 12:08:58 DEBUG StudentService:69 - Returning user..
2018-12-10 12:08:58 DEBUG StudentService:100 - Deleting user..
2018-12-10 12:09:09 INFO  StudentTest:44 - Loading data for the object Student...
2018-12-10 12:09:09 DEBUG StudentTest:62 - Loaded data for the object user...
2018-12-10 12:09:09 INFO  StudentTest:64 - Creating user..
2018-12-10 12:09:09 DEBUG StudentTest:67 - Object created Student(name=ARTURO, lastName=JAURETCHE, email=arturojauretche@unaj.edu.ar, dni=13780036, telephone=43556473, cellphone=1132468772, address=Address(street=Av. Calchaqui, number=2798, city=Florencio Varela, state=Buenos Aires, country=Argentina, zipCode=1888), academicLevel=Universitario, dictationSubjects=[Subject(name=Literatura, description=Literatura Comtemporanea, level=Secundario), Subject(name=Derecho, description=Derecho, level=Universitario)], enabled=true)
2018-12-10 12:09:09 DEBUG StudentTest:71 - Saving user...
2018-12-10 12:09:09 INFO  StudentService:30 - Checking user existing...
2018-12-10 12:09:09 ERROR StudentService:35 - Existing object, Student(name=ARTURO, lastName=JAURETCHE, email=arturojauretche@unaj.edu.ar, dni=13780036, telephone=43556473, cellphone=1132468772, address=Address(street=Av. Calchaqui, number=2798, city=Florencio Varela, state=Buenos Aires, country=Argentina, zipCode=1888), academicLevel=Universitario, dictationSubjects=[Subject(name=Literatura, description=Literatura Comtemporanea, level=Secundario), Subject(name=Derecho, description=Derecho, level=Universitario)], enabled=true)
2018-12-10 12:09:12 INFO  StudentService:66 - Checking user existing...
2018-12-10 12:09:12 DEBUG StudentService:69 - Returning user..
2018-12-10 12:09:40 INFO  StudentService:121 - The user is already disable
2018-12-10 12:09:40 INFO  StudentService:66 - Checking user existing...
2018-12-10 12:09:40 DEBUG StudentService:69 - Returning user..
2018-12-10 12:10:35 INFO  StudentTest:44 - Loading data for the object Student...
2018-12-10 12:10:35 DEBUG StudentTest:62 - Loaded data for the object user...
2018-12-10 12:10:35 INFO  StudentTest:64 - Creating user..
2018-12-10 12:10:35 DEBUG StudentTest:67 - Object created Student(name=ARTURO, lastName=JAURETCHE, email=arturojauretche@unaj.edu.ar, dni=13780036, telephone=43556473, cellphone=1132468772, address=Address(street=Av. Calchaqui, number=2798, city=Florencio Varela, state=Buenos Aires, country=Argentina, zipCode=1888), academicLevel=Universitario, dictationSubjects=[Subject(name=Literatura, description=Literatura Comtemporanea, level=Secundario), Subject(name=Derecho, description=Derecho, level=Universitario)], enabled=true)
2018-12-10 12:10:35 DEBUG StudentTest:71 - Saving user...
2018-12-10 12:10:35 INFO  StudentService:30 - Checking user existing...
2018-12-10 12:10:35 ERROR StudentService:35 - Existing object, Student(name=ARTURO, lastName=JAURETCHE, email=arturojauretche@unaj.edu.ar, dni=13780036, telephone=43556473, cellphone=1132468772, address=Address(street=Av. Calchaqui, number=2798, city=Florencio Varela, state=Buenos Aires, country=Argentina, zipCode=1888), academicLevel=Universitario, dictationSubjects=[Subject(name=Literatura, description=Literatura Comtemporanea, level=Secundario), Subject(name=Derecho, description=Derecho, level=Universitario)], enabled=true)
2018-12-10 12:10:39 INFO  StudentService:66 - Checking user existing...
2018-12-10 12:10:39 DEBUG StudentService:69 - Returning user..
2018-12-10 12:11:27 INFO  StudentService:121 - The user is already disable
2018-12-10 12:12:53 INFO  StudentTest:44 - Loading data for the object Student...
2018-12-10 12:12:53 DEBUG StudentTest:62 - Loaded data for the object user...
2018-12-10 12:12:53 INFO  StudentTest:64 - Creating user..
2018-12-10 12:12:53 DEBUG StudentTest:67 - Object created Student(name=ARTURO, lastName=JAURETCHE, email=arturojauretche@unaj.edu.ar, dni=13780036, telephone=43556473, cellphone=1132468772, address=Address(street=Av. Calchaqui, number=2798, city=Florencio Varela, state=Buenos Aires, country=Argentina, zipCode=1888), academicLevel=Universitario, dictationSubjects=[Subject(name=Literatura, description=Literatura Comtemporanea, level=Secundario), Subject(name=Derecho, description=Derecho, level=Universitario)], enabled=true)
2018-12-10 12:12:53 DEBUG StudentTest:71 - Saving user...
2018-12-10 12:12:53 INFO  StudentService:30 - Checking user existing...
2018-12-10 12:12:53 ERROR StudentService:35 - Existing object, Student(name=ARTURO, lastName=JAURETCHE, email=arturojauretche@unaj.edu.ar, dni=13780036, telephone=43556473, cellphone=1132468772, address=Address(street=Av. Calchaqui, number=2798, city=Florencio Varela, state=Buenos Aires, country=Argentina, zipCode=1888), academicLevel=Universitario, dictationSubjects=[Subject(name=Literatura, description=Literatura Comtemporanea, level=Secundario), Subject(name=Derecho, description=Derecho, level=Universitario)], enabled=true)
2018-12-10 12:12:53 INFO  StudentService:66 - Checking user existing...
2018-12-10 12:12:53 DEBUG StudentService:69 - Returning user..
2018-12-10 12:12:53 INFO  StudentService:121 - The user is already disable
2018-12-10 12:12:53 INFO  StudentService:66 - Checking user existing...
2018-12-10 12:12:53 DEBUG StudentService:69 - Returning user..
2018-12-10 12:12:53 DEBUG StudentService:100 - Deleting user..
2018-12-10 12:13:20 INFO  StudentTest:44 - Loading data for the object Student...
2018-12-10 12:13:20 DEBUG StudentTest:62 - Loaded data for the object user...
2018-12-10 12:13:20 INFO  StudentTest:64 - Creating user..
2018-12-10 12:13:20 DEBUG StudentTest:67 - Object created Student(name=ARTURO, lastName=JAURETCHE, email=arturojauretche@unaj.edu.ar, dni=13780036, telephone=43556473, cellphone=1132468772, address=Address(street=Av. Calchaqui, number=2798, city=Florencio Varela, state=Buenos Aires, country=Argentina, zipCode=1888), academicLevel=Universitario, dictationSubjects=[Subject(name=Literatura, description=Literatura Comtemporanea, level=Secundario), Subject(name=Derecho, description=Derecho, level=Universitario)], enabled=true)
2018-12-10 12:13:20 DEBUG StudentTest:71 - Saving user...
2018-12-10 12:13:20 INFO  StudentService:30 - Checking user existing...
2018-12-10 12:13:20 DEBUG StudentTest:73 - Saved Student(name=ARTURO, lastName=JAURETCHE, email=arturojauretche@unaj.edu.ar, dni=13780036, telephone=43556473, cellphone=1132468772, address=Address(street=Av. Calchaqui, number=2798, city=Florencio Varela, state=Buenos Aires, country=Argentina, zipCode=1888), academicLevel=Universitario, dictationSubjects=[Subject(name=Literatura, description=Literatura Comtemporanea, level=Secundario), Subject(name=Derecho, description=Derecho, level=Universitario)], enabled=true)
2018-12-10 12:13:25 INFO  StudentService:66 - Checking user existing...
2018-12-10 12:13:25 DEBUG StudentService:69 - Returning user..
2018-12-10 12:14:35 DEBUG StudentService:118 - Updating disabled user..
2018-12-10 12:15:13 INFO  StudentService:66 - Checking user existing...
2018-12-10 12:15:13 DEBUG StudentService:69 - Returning user..
2018-12-10 12:15:13 DEBUG StudentService:100 - Deleting user..
2018-12-10 12:15:53 INFO  StudentTest:44 - Loading data for the object Student...
2018-12-10 12:15:53 DEBUG StudentTest:62 - Loaded data for the object user...
2018-12-10 12:15:53 INFO  StudentTest:64 - Creating user..
2018-12-10 12:15:53 DEBUG StudentTest:67 - Object created Student(name=ARTURO, lastName=JAURETCHE, email=arturojauretche@unaj.edu.ar, dni=13780036, telephone=43556473, cellphone=1132468772, address=Address(street=Av. Calchaqui, number=2798, city=Florencio Varela, state=Buenos Aires, country=Argentina, zipCode=1888), academicLevel=Universitario, dictationSubjects=[Subject(name=Literatura, description=Literatura Comtemporanea, level=Secundario), Subject(name=Derecho, description=Derecho, level=Universitario)], enabled=true)
2018-12-10 12:15:53 DEBUG StudentTest:71 - Saving user...
2018-12-10 12:15:53 INFO  StudentService:30 - Checking user existing...
2018-12-10 12:15:53 DEBUG StudentTest:73 - Saved Student(name=ARTURO, lastName=JAURETCHE, email=arturojauretche@unaj.edu.ar, dni=13780036, telephone=43556473, cellphone=1132468772, address=Address(street=Av. Calchaqui, number=2798, city=Florencio Varela, state=Buenos Aires, country=Argentina, zipCode=1888), academicLevel=Universitario, dictationSubjects=[Subject(name=Literatura, description=Literatura Comtemporanea, level=Secundario), Subject(name=Derecho, description=Derecho, level=Universitario)], enabled=true)
2018-12-10 12:17:14 INFO  StudentService:66 - Checking user existing...
2018-12-10 12:17:14 DEBUG StudentService:69 - Returning user..
2018-12-10 12:17:21 DEBUG StudentService:118 - Updating disabled user..
2018-12-10 12:17:35 INFO  StudentService:66 - Checking user existing...
2018-12-10 12:17:35 DEBUG StudentService:69 - Returning user..
2018-12-10 12:17:35 DEBUG StudentService:100 - Deleting user..
2018-12-10 12:17:45 INFO  StudentTest:44 - Loading data for the object Student...
2018-12-10 12:17:45 DEBUG StudentTest:62 - Loaded data for the object user...
2018-12-10 12:17:45 INFO  StudentTest:64 - Creating user..
2018-12-10 12:17:45 DEBUG StudentTest:67 - Object created Student(name=ARTURO, lastName=JAURETCHE, email=arturojauretche@unaj.edu.ar, dni=13780036, telephone=43556473, cellphone=1132468772, address=Address(street=Av. Calchaqui, number=2798, city=Florencio Varela, state=Buenos Aires, country=Argentina, zipCode=1888), academicLevel=Universitario, dictationSubjects=[Subject(name=Literatura, description=Literatura Comtemporanea, level=Secundario), Subject(name=Derecho, description=Derecho, level=Universitario)], enabled=true)
2018-12-10 12:17:45 DEBUG StudentTest:71 - Saving user...
2018-12-10 12:17:45 INFO  StudentService:30 - Checking user existing...
2018-12-10 12:17:45 ERROR StudentService:35 - Existing object, Student(name=ARTURO, lastName=JAURETCHE, email=arturojauretche@unaj.edu.ar, dni=13780036, telephone=43556473, cellphone=1132468772, address=Address(street=Av. Calchaqui, number=2798, city=Florencio Varela, state=Buenos Aires, country=Argentina, zipCode=1888), academicLevel=Universitario, dictationSubjects=[Subject(name=Literatura, description=Literatura Comtemporanea, level=Secundario), Subject(name=Derecho, description=Derecho, level=Universitario)], enabled=true)
2018-12-10 12:17:51 INFO  StudentService:66 - Checking user existing...
2018-12-10 12:17:51 DEBUG StudentService:69 - Returning user..
2018-12-10 12:18:18 INFO  StudentService:121 - The user is already disable
2018-12-10 12:18:39 INFO  StudentTest:44 - Loading data for the object Student...
2018-12-10 12:18:39 DEBUG StudentTest:62 - Loaded data for the object user...
2018-12-10 12:18:39 INFO  StudentTest:64 - Creating user..
2018-12-10 12:18:39 DEBUG StudentTest:67 - Object created Student(name=ARTURO, lastName=JAURETCHE, email=arturojauretche@unaj.edu.ar, dni=13780036, telephone=43556473, cellphone=1132468772, address=Address(street=Av. Calchaqui, number=2798, city=Florencio Varela, state=Buenos Aires, country=Argentina, zipCode=1888), academicLevel=Universitario, dictationSubjects=[Subject(name=Literatura, description=Literatura Comtemporanea, level=Secundario), Subject(name=Derecho, description=Derecho, level=Universitario)], enabled=true)
2018-12-10 12:18:39 DEBUG StudentTest:71 - Saving user...
2018-12-10 12:18:40 INFO  StudentService:30 - Checking user existing...
2018-12-10 12:18:40 DEBUG StudentTest:73 - Saved Student(name=ARTURO, lastName=JAURETCHE, email=arturojauretche@unaj.edu.ar, dni=13780036, telephone=43556473, cellphone=1132468772, address=Address(street=Av. Calchaqui, number=2798, city=Florencio Varela, state=Buenos Aires, country=Argentina, zipCode=1888), academicLevel=Universitario, dictationSubjects=[Subject(name=Literatura, description=Literatura Comtemporanea, level=Secundario), Subject(name=Derecho, description=Derecho, level=Universitario)], enabled=true)
2018-12-10 12:18:45 INFO  StudentService:66 - Checking user existing...
2018-12-10 12:18:45 DEBUG StudentService:69 - Returning user..
2018-12-10 12:19:17 DEBUG StudentService:118 - Updating disabled user..
2018-12-10 12:24:55 INFO  StudentService:66 - Checking user existing...
2018-12-10 12:24:55 DEBUG StudentService:69 - Returning user..
2018-12-10 12:24:55 DEBUG StudentService:100 - Deleting user..
2018-12-10 12:25:16 INFO  StudentTest:44 - Loading data for the object Student...
2018-12-10 12:25:16 DEBUG StudentTest:62 - Loaded data for the object user...
2018-12-10 12:25:16 INFO  StudentTest:64 - Creating user..
2018-12-10 12:25:16 DEBUG StudentTest:67 - Object created Student(name=ARTURO, lastName=JAURETCHE, email=arturojauretche@unaj.edu.ar, dni=13780036, telephone=43556473, cellphone=1132468772, address=Address(street=Av. Calchaqui, number=2798, city=Florencio Varela, state=Buenos Aires, country=Argentina, zipCode=1888), academicLevel=Universitario, dictationSubjects=[Subject(name=Literatura, description=Literatura Comtemporanea, level=Secundario), Subject(name=Derecho, description=Derecho, level=Universitario)], enabled=true)
2018-12-10 12:25:16 DEBUG StudentTest:71 - Saving user...
2018-12-10 12:25:17 INFO  StudentService:30 - Checking user existing...
2018-12-10 12:25:17 DEBUG StudentTest:73 - Saved Student(name=ARTURO, lastName=JAURETCHE, email=arturojauretche@unaj.edu.ar, dni=13780036, telephone=43556473, cellphone=1132468772, address=Address(street=Av. Calchaqui, number=2798, city=Florencio Varela, state=Buenos Aires, country=Argentina, zipCode=1888), academicLevel=Universitario, dictationSubjects=[Subject(name=Literatura, description=Literatura Comtemporanea, level=Secundario), Subject(name=Derecho, description=Derecho, level=Universitario)], enabled=true)
2018-12-10 12:25:21 INFO  StudentService:66 - Checking user existing...
2018-12-10 12:25:21 DEBUG StudentService:69 - Returning user..
2018-12-10 12:25:54 DEBUG StudentService:117 - Updating disabled user..
2018-12-10 12:26:28 INFO  StudentService:66 - Checking user existing...
2018-12-10 12:26:28 DEBUG StudentService:69 - Returning user..
2018-12-10 12:26:28 DEBUG StudentService:100 - Deleting user..
2018-12-10 12:26:51 INFO  StudentTest:44 - Loading data for the object Student...
2018-12-10 12:26:51 DEBUG StudentTest:62 - Loaded data for the object user...
2018-12-10 12:26:51 INFO  StudentTest:64 - Creating user..
2018-12-10 12:26:51 DEBUG StudentTest:67 - Object created Student(name=ARTURO, lastName=JAURETCHE, email=arturojauretche@unaj.edu.ar, dni=13780036, telephone=43556473, cellphone=1132468772, address=Address(street=Av. Calchaqui, number=2798, city=Florencio Varela, state=Buenos Aires, country=Argentina, zipCode=1888), academicLevel=Universitario, dictationSubjects=[Subject(name=Literatura, description=Literatura Comtemporanea, level=Secundario), Subject(name=Derecho, description=Derecho, level=Universitario)], enabled=true)
2018-12-10 12:26:51 DEBUG StudentTest:71 - Saving user...
2018-12-10 12:26:51 INFO  StudentService:30 - Checking user existing...
2018-12-10 12:26:51 DEBUG StudentTest:73 - Saved Student(name=ARTURO, lastName=JAURETCHE, email=arturojauretche@unaj.edu.ar, dni=13780036, telephone=43556473, cellphone=1132468772, address=Address(street=Av. Calchaqui, number=2798, city=Florencio Varela, state=Buenos Aires, country=Argentina, zipCode=1888), academicLevel=Universitario, dictationSubjects=[Subject(name=Literatura, description=Literatura Comtemporanea, level=Secundario), Subject(name=Derecho, description=Derecho, level=Universitario)], enabled=true)
2018-12-10 12:26:51 INFO  StudentService:66 - Checking user existing...
2018-12-10 12:26:51 DEBUG StudentService:69 - Returning user..
2018-12-10 12:26:51 INFO  StudentService:83 - Checking user existing...
2018-12-10 12:26:51 DEBUG StudentService:86 - Updating user..
2018-12-10 12:26:51 INFO  StudentService:66 - Checking user existing...
2018-12-10 12:26:51 DEBUG StudentService:69 - Returning user..
2018-12-10 12:26:51 DEBUG StudentService:100 - Deleting user..
2018-12-10 12:26:51 INFO  StudentTest:44 - Loading data for the object Student...
2018-12-10 12:26:51 DEBUG StudentTest:62 - Loaded data for the object user...
2018-12-10 12:26:51 INFO  StudentTest:64 - Creating user..
2018-12-10 12:26:51 DEBUG StudentTest:67 - Object created Student(name=ARTURO, lastName=JAURETCHE, email=arturojauretche@unaj.edu.ar, dni=13780036, telephone=43556473, cellphone=1132468772, address=Address(street=Av. Calchaqui, number=2798, city=Florencio Varela, state=Buenos Aires, country=Argentina, zipCode=1888), academicLevel=Universitario, dictationSubjects=[Subject(name=Literatura, description=Literatura Comtemporanea, level=Secundario), Subject(name=Derecho, description=Derecho, level=Universitario)], enabled=true)
2018-12-10 12:26:51 DEBUG StudentTest:71 - Saving user...
2018-12-10 12:26:51 INFO  StudentService:30 - Checking user existing...
2018-12-10 12:26:51 DEBUG StudentTest:73 - Saved Student(name=ARTURO, lastName=JAURETCHE, email=arturojauretche@unaj.edu.ar, dni=13780036, telephone=43556473, cellphone=1132468772, address=Address(street=Av. Calchaqui, number=2798, city=Florencio Varela, state=Buenos Aires, country=Argentina, zipCode=1888), academicLevel=Universitario, dictationSubjects=[Subject(name=Literatura, description=Literatura Comtemporanea, level=Secundario), Subject(name=Derecho, description=Derecho, level=Universitario)], enabled=true)
2018-12-10 12:26:51 INFO  StudentTest:84 - Getting user...
2018-12-10 12:26:51 INFO  StudentService:66 - Checking user existing...
2018-12-10 12:26:51 DEBUG StudentService:69 - Returning user..
2018-12-10 12:26:52 DEBUG StudentService:100 - Deleting user..
2018-12-10 12:26:52 INFO  StudentTest:44 - Loading data for the object Student...
2018-12-10 12:26:52 DEBUG StudentTest:62 - Loaded data for the object user...
2018-12-10 12:26:52 INFO  StudentTest:64 - Creating user..
2018-12-10 12:26:52 DEBUG StudentTest:67 - Object created Student(name=ARTURO, lastName=JAURETCHE, email=arturojauretche@unaj.edu.ar, dni=13780036, telephone=43556473, cellphone=1132468772, address=Address(street=Av. Calchaqui, number=2798, city=Florencio Varela, state=Buenos Aires, country=Argentina, zipCode=1888), academicLevel=Universitario, dictationSubjects=[Subject(name=Literatura, description=Literatura Comtemporanea, level=Secundario), Subject(name=Derecho, description=Derecho, level=Universitario)], enabled=true)
2018-12-10 12:26:52 DEBUG StudentTest:71 - Saving user...
2018-12-10 12:26:52 INFO  StudentService:30 - Checking user existing...
2018-12-10 12:26:52 DEBUG StudentTest:73 - Saved Student(name=ARTURO, lastName=JAURETCHE, email=arturojauretche@unaj.edu.ar, dni=13780036, telephone=43556473, cellphone=1132468772, address=Address(street=Av. Calchaqui, number=2798, city=Florencio Varela, state=Buenos Aires, country=Argentina, zipCode=1888), academicLevel=Universitario, dictationSubjects=[Subject(name=Literatura, description=Literatura Comtemporanea, level=Secundario), Subject(name=Derecho, description=Derecho, level=Universitario)], enabled=true)
2018-12-10 12:26:52 INFO  StudentService:66 - Checking user existing...
2018-12-10 12:26:52 DEBUG StudentService:69 - Returning user..
2018-12-10 12:26:52 DEBUG StudentService:117 - Updating disabled user..
2018-12-10 12:26:52 INFO  StudentService:66 - Checking user existing...
2018-12-10 12:26:52 DEBUG StudentService:69 - Returning user..
2018-12-10 12:26:52 DEBUG StudentService:100 - Deleting user..
